<?xml version="1.0" encoding="UTF-8"?>
<!-- Generated by org.testng.reporters.JUnitReportReporter -->
<testsuite hostname="LAPTOP-CU2M7T7J" failures="0" tests="1" name="com.crm.PractiseVtigerDummy.ParameterTest" time="0.008" errors="0" timestamp="2022-03-23T13:42:18 IST" skipped="0">
  <testcase classname="com.crm.PractiseVtigerDummy.ParameterTest" name="paramTest" time="0.008"/>
  <system-out/>
</testsuite> <!-- com.crm.PractiseVtigerDummy.ParameterTest -->
