<?xml version="1.0" encoding="UTF-8"?>
<!-- Generated by org.testng.reporters.JUnitReportReporter -->
<testsuite hostname="LAPTOP-CU2M7T7J" failures="0" tests="1" name="com.crm.PractiseVtigerDummy.LoginLogoutTest" time="14.797" errors="0" timestamp="2022-03-23T14:24:51 IST" skipped="0">
  <testcase classname="com.crm.PractiseVtigerDummy.LoginLogoutTest" name="loginlogoutTest" time="14.797"/>
  <system-out/>
</testsuite> <!-- com.crm.PractiseVtigerDummy.LoginLogoutTest -->
