<?xml version="1.0" encoding="UTF-8"?>
<!-- Generated by org.testng.reporters.JUnitReportReporter -->
<testsuite hostname="LAPTOP-CU2M7T7J" failures="0" tests="1" name="com.crm.PractiseVtigerDummy.ContactCreateTest" time="0.011" errors="0" timestamp="2022-03-23T23:03:14 IST" skipped="0">
  <testcase classname="com.crm.PractiseVtigerDummy.ContactCreateTest" name="createcontact" time="0.011"/>
  <system-out/>
</testsuite> <!-- com.crm.PractiseVtigerDummy.ContactCreateTest -->
